[debug] [2022-02-26T18:45:07.008Z] ----------------------------------------------------------------------
[debug] [2022-02-26T18:45:07.010Z] Command:       C:\Program Files\nodejs\node.exe C:\Users\Abhinav\AppData\Roaming\npm\node_modules\firebase-tools\lib\bin\firebase.js deploy
[debug] [2022-02-26T18:45:07.010Z] CLI Version:   10.1.4
[debug] [2022-02-26T18:45:07.011Z] Platform:      win32
[debug] [2022-02-26T18:45:07.011Z] Node Version:  v16.2.0
[debug] [2022-02-26T18:45:07.017Z] Time:          Sun Feb 27 2022 00:15:07 GMT+0530 (India Standard Time)
[debug] [2022-02-26T18:45:07.017Z] ----------------------------------------------------------------------
[debug] 
[debug] [2022-02-26T18:45:07.022Z] >>> [apiv2][query] GET https://firebase-public.firebaseio.com/cli.json [none]
[debug] [2022-02-26T18:45:07.128Z] > command requires scopes: ["email","openid","https://www.googleapis.com/auth/cloudplatformprojects.readonly","https://www.googleapis.com/auth/firebase","https://www.googleapis.com/auth/cloud-platform"]
[debug] [2022-02-26T18:45:07.128Z] > authorizing via signed-in user (connect2dsc.akgec@gmail.com)
[debug] [2022-02-26T18:45:07.128Z] [iam] checking project quiz-app-1211 for permissions ["firebase.projects.get","firebasehosting.sites.update"]
[debug] [2022-02-26T18:45:07.130Z] > refreshing access token with scopes: []
[debug] [2022-02-26T18:45:07.130Z] >>> HTTP REQUEST POST https://www.googleapis.com/oauth2/v3/token  
 <request body omitted>
[debug] [2022-02-26T18:45:07.475Z] <<< HTTP RESPONSE 200 {"date":"Sat, 26 Feb 2022 18:45:10 GMT","pragma":"no-cache","cache-control":"no-cache, no-store, max-age=0, must-revalidate","expires":"Mon, 01 Jan 1990 00:00:00 GMT","content-type":"application/json; charset=utf-8","vary":"X-Origin, Referer, Origin,Accept-Encoding","server":"scaffolding on HTTPServer2","x-xss-protection":"0","x-frame-options":"SAMEORIGIN","x-content-type-options":"nosniff","alt-svc":"h3=\":443\"; ma=2592000,h3-29=\":443\"; ma=2592000,h3-Q050=\":443\"; ma=2592000,h3-Q046=\":443\"; ma=2592000,h3-Q043=\":443\"; ma=2592000,quic=\":443\"; ma=2592000; v=\"46,43\"","accept-ranges":"none","transfer-encoding":"chunked"}
[debug] [2022-02-26T18:45:07.486Z] >>> [apiv2][query] POST https://cloudresourcemanager.googleapis.com/v1/projects/quiz-app-1211:testIamPermissions [none]
[debug] [2022-02-26T18:45:07.486Z] >>> [apiv2][body] POST https://cloudresourcemanager.googleapis.com/v1/projects/quiz-app-1211:testIamPermissions {"permissions":["firebase.projects.get","firebasehosting.sites.update"]}
[debug] [2022-02-26T18:45:08.123Z] <<< [apiv2][status] GET https://firebase-public.firebaseio.com/cli.json 200
[debug] [2022-02-26T18:45:08.123Z] <<< [apiv2][body] GET https://firebase-public.firebaseio.com/cli.json {"cloudBuildErrorAfter":1594252800000,"cloudBuildWarnAfter":1590019200000,"defaultNode10After":1594252800000,"minVersion":"3.0.5","node8DeploysDisabledAfter":1613390400000,"node8RuntimeDisabledAfter":1615809600000,"node8WarnAfter":1600128000000}
[debug] [2022-02-26T18:45:09.160Z] <<< [apiv2][status] POST https://cloudresourcemanager.googleapis.com/v1/projects/quiz-app-1211:testIamPermissions 200
[debug] [2022-02-26T18:45:09.161Z] <<< [apiv2][body] POST https://cloudresourcemanager.googleapis.com/v1/projects/quiz-app-1211:testIamPermissions {}
[debug] [2022-02-26T18:45:09.161Z] [iam] error while checking permissions, command may fail: FirebaseError: Authorization failed. This account is missing the following required permissions on project quiz-app-1211:

  firebase.projects.get
  firebasehosting.sites.update
[debug] [2022-02-26T18:45:09.163Z] >>> [apiv2][query] GET https://firebase.googleapis.com/v1beta1/projects/quiz-app-1211 [none]
[debug] [2022-02-26T18:45:10.018Z] <<< [apiv2][status] GET https://firebase.googleapis.com/v1beta1/projects/quiz-app-1211 403
[debug] [2022-02-26T18:45:10.018Z] <<< [apiv2][body] GET https://firebase.googleapis.com/v1beta1/projects/quiz-app-1211 {"error":{"code":403,"message":"The caller does not have permission","status":"PERMISSION_DENIED"}}
[debug] [2022-02-26T18:45:10.019Z] HTTP Error: 403, The caller does not have permission
[debug] [2022-02-26T18:45:10.357Z] FirebaseError: HTTP Error: 403, The caller does not have permission
    at module.exports (C:\Users\Abhinav\AppData\Roaming\npm\node_modules\firebase-tools\lib\responseToError.js:38:12)
    at RetryOperation._fn (C:\Users\Abhinav\AppData\Roaming\npm\node_modules\firebase-tools\lib\apiv2.js:282:39)
    at processTicksAndRejections (node:internal/process/task_queues:96:5)
[error] 
[error] Error: Failed to get Firebase project quiz-app-1211. Please make sure the project exists and your account has permission to access it.
